[[01;34mINFO[00m] |[01;32myarp.os.Port[00m|[33m/tmp/port/1[00m| Port /tmp/port/1 active at tcp://2.2.2.51:10020/
[[01;34mINFO[00m] |[01;34myarp.os.impl.PortCoreInputUnit[00m|[33m/tmp/port/1[00m| Receiving input from /teo/bcc/state:o to /tmp/port/1 using tcp
[ccnc] 0.500087697639851058717 0.228170690517756291626 0.301322461370772509692 0.179801459990796025368 1.4147232827531095456 -0.295015527760018381187 1656071274.25905990601
[ccnc] 0.500089585156629157225 0.228170690517756291626 0.301327255910573410524 0.179802663406494561693 1.41471379428827281899 -0.295014319978300187941 1656071274.26882004738
[ccnc] 0.500089585156629157225 0.228170690517756291626 0.301327255910573410524 0.179802663406494561693 1.41471379428827281899 -0.295014319978300187941 1656071274.278840065
[ccnc] 0.500091472627439692644 0.228170690517756291626 0.30133205046847055808 0.179803866816508367554 1.41470430582315631618 -0.295013112194716264902 1656071274.28883004189
[ccnc] 0.500093360052283220085 0.228170690517756291626 0.301336845044463230714 0.179805070220837276418 1.41469481735776003717 -0.295011904409266445537 1656071274.29888010025
[ccnc] 0.500093360052283220085 0.228170690517756291626 0.301336845044463230714 0.179805070220837276418 1.41469481735776003717 -0.295011904409266445537 1656071274.30876994133
[ccnc] 0.500093360052283220085 0.228170690517756291626 0.301336845044463230714 0.179805070220837276418 1.41469481735776003717 -0.295011904409266445537 1656071274.31925010681
[ccnc] 0.500095247431159073415 0.228170690517756291626 0.301341639638551261893 0.179806273619481454817 1.41468532889208375991 -0.295010696621950896379 1656071274.32881999016
[ccnc] 0.50009713476406714161 0.228170690517756291626 0.301346434250734040994 0.179807477012440819486 1.4146758404261279285 -0.295009488832769284361 1656071274.33886003494
[ccnc] 0.500100909291979811577 0.228170690517756291626 0.301356023529382177628 0.179809883781305357431 1.41465686349337693706 -0.295007073248809148502 1656071274.34886002541
[ccnc] 0.500106570739086819799 0.228170690517756291626 0.301370407583054389367 0.179813493891966574845 1.41462839809215212838 -0.295003449858875166356 1656071274.35893011093
[ccnc] 0.500108457796185179589 0.228170690517756291626 0.301375202303796774217 0.179814697250817639995 1.41461890962451763976 -0.295002242058498898025 1656071274.36884999275
[ccnc] 0.500108457796185179589 0.228170690517756291626 0.301375202303796774217 0.179814697250817639995 1.41461890962451763976 -0.295002242058498898025 1656071274.37888002396
[ccnc] 0.500110344807314866067 0.228170690517756291626 0.301379997042630798365 0.179815900603984030193 1.41460942115660337492 -0.295001034256256788879 1656071274.38887000084
[ccnc] 0.500114118691666664773 0.228170690517756291626 0.301389586574572210242 0.179818307293262813484 1.4145904442199357387 -0.294998618646175436719 1656071274.39891004562
[ccnc] 0.500116005564888332913 0.228170690517756291626 0.301394381367678709793 0.179819510629375289845 1.41458095575118258935 -0.294997410838336138195 1656071274.40896010399
[ccnc] 0.500117892392140661606 0.228170690517756291626 0.301399176178875238818 0.179820713959803202275 1.41457146728214921971 -0.294996203028631054366 1656071274.4192700386
[ccnc] 0.500119779173423095742 0.228170690517756291626 0.301403971008161242207 0.179821917284546467508 1.41456197881283651796 -0.294994995217060240744 1656071274.42891001701
[ccnc] 0.500119411253418633123 0.22817096380929718924 0.301406810471745612023 0.179819317434247227805 1.41454679726135390538 -0.294995821143156089494 1656071274.43887996674
[ccnc] 0.500119411253418633123 0.22817096380929718924 0.301406810471745612023 0.179819317434247227805 1.41454679726135390538 -0.294995821143156089494 1656071274.44964003563
[ccnc] 0.500119411253418633123 0.22817096380929718924 0.301406810471745612023 0.179819317434247227805 1.41454679726135390538 -0.294995821143156089494 1656071274.45912003517
[ccnc] 0.500119411253418633123 0.22817096380929718924 0.301406810471745612023 0.179819317434247227805 1.41454679726135390538 -0.294995821143156089494 1656071274.4688000679
[ccnc] 0.500121035847928774309 0.228176797514230200736 0.301407419637171436477 0.179804266350308467048 1.41454674918958134278 -0.294988547415293678178 1656071274.47886991501
[ccnc] 0.500121035847928774309 0.228176797514230200736 0.301407419637171436477 0.179804266350308467048 1.41454674918958134278 -0.294988547415293678178 1656071274.48895001411
[ccnc] 0.500121035847928774309 0.228176797514230200736 0.301407419637171436477 0.179804266350308467048 1.41454674918958134278 -0.294988547415293678178 1656071274.49873995781
[ccnc] 0.500121035847928774309 0.228176797514230200736 0.301407419637171436477 0.179804266350308467048 1.41454674918958134278 -0.294988547415293678178 1656071274.51388001442
[ccnc] 0.500119149099709559003 0.228176797514230200736 0.30140262479583701527 0.179803063033313836883 1.41455623766740057334 -0.294989755130641850833 1656071274.5239200592
[ccnc] 0.500119149099709559003 0.228176797514230200736 0.30140262479583701527 0.179803063033313836883 1.41455623766740057334 -0.294989755130641850833 1656071274.53394007683
[ccnc] 0.500117262305520560162 0.228176797514230200736 0.301397829972591846381 0.179801859710634920342 1.4145657261449404718 -0.294990962844124127162 1656071274.54381990433
[ccnc] 0.500115375465361666762 0.228176797514230200736 0.3013930351674363739 0.179800656382271772937 1.41457521462220014996 -0.294992170555740396143 1656071274.54889011383
[ccnc] 0.500112417300275668985 0.228176719473380362757 0.301391923517467352767 0.179799264016590604198 1.41457510735485492148 -0.294994664649597893025 1656071274.56387996674
[ccnc] 0.500112417300275668985 0.228176719473380362757 0.301391923517467352767 0.179799264016590604198 1.41457510735485492148 -0.294994664649597893025 1656071274.57390999794
[ccnc] 0.500112417300275668985 0.228176719473380362757 0.301391923517467352767 0.179799264016590604198 1.41457510735485492148 -0.294994664649597893025 1656071274.58381009102
[ccnc] 0.500112417300275668985 0.228176719473380362757 0.301391923517467352767 0.179799264016590604198 1.41457510735485492148 -0.294994664649597893025 1656071274.59387993813
[ccnc] 0.500112417300275668985 0.228176719473380362757 0.301391923517467352767 0.179799264016590604198 1.41457510735485492148 -0.294994664649597893025 1656071274.60387992859
[ccnc] 0.500112417300275668985 0.228176719473380362757 0.301391923517467352767 0.179799264016590604198 1.41457510735485492148 -0.294994664649597893025 1656071274.61392998695
[ccnc] 0.500111345987248712142 0.228176641442438099538 0.301395606644864255674 0.179799074982521178701 1.41456551160990851024 -0.294995951026057801059 1656071274.62390995026
[ccnc] 0.500110274640152452363 0.228176563421403355569 0.301399289762561140016 0.179798885946015896131 1.41455591586434081819 -0.294997237394870326366 1656071274.63386011124
[ccnc] 0.500107316468135665311 0.228176485410276241872 0.301398178142667005908 0.179797493535674396403 1.41455580859274943073 -0.294999731456291658382 1656071274.6438999176
[ccnc] 0.500107316468135665311 0.228176485410276241872 0.301398178142667005908 0.179797493535674396403 1.41455580859274943073 -0.294999731456291658382 1656071274.65425992012
[ccnc] 0.500107316468135665311 0.228176485410276241872 0.301398178142667005908 0.179797493535674396403 1.41455580859274943073 -0.294999731456291658382 1656071274.66391992569
[ccnc] 0.500107316468135665311 0.228176485410276241872 0.301398178142667005908 0.179797493535674396403 1.41455580859274943073 -0.294999731456291658382 1656071274.67389011383
[ccnc] 0.500107316468135665311 0.228176485410276241872 0.301398178142667005908 0.179797493535674396403 1.41455580859274943073 -0.294999731456291658382 1656071274.68389010429
[ccnc] 0.500107316468135665311 0.228176485410276241872 0.301398178142667005908 0.179797493535674396403 1.41455580859274943073 -0.294999731456291658382 1656071274.69390010834
[ccnc] 0.500107316468135665311 0.228176485410276241872 0.301398178142667005908 0.179797493535674396403 1.41455580859274943073 -0.294999731456291658382 1656071274.7039399147
[ccnc] 0.500107316468135665311 0.228176485410276241872 0.301398178142667005908 0.179797493535674396403 1.41455580859274943073 -0.294999731456291658382 1656071274.71381998062
[ccnc] 0.500107316468135665311 0.228176485410276241872 0.301398178142667005908 0.179797493535674396403 1.41455580859274943073 -0.294999731456291658382 1656071274.72383999825
[ccnc] 0.500107316468135665311 0.228176485410276241872 0.301398178142667005908 0.179797493535674396403 1.41455580859274943073 -0.294999731456291658382 1656071274.73386001587
[ccnc] 0.500107316468135665311 0.228176485410276241872 0.301398178142667005908 0.179797493535674396403 1.41455580859274943073 -0.294999731456291658382 1656071274.74392008781
[ccnc] 0.500107316468135665311 0.228176485410276241872 0.301398178142667005908 0.179797493535674396403 1.41455580859274943073 -0.294999731456291658382 1656071274.75431990623
[ccnc] 0.500107316468135665311 0.228176485410276241872 0.301398178142667005908 0.179797493535674396403 1.41455580859274943073 -0.294999731456291658382 1656071274.75885009766
[ccnc] 0.500107316468135665311 0.228176485410276241872 0.301398178142667005908 0.179797493535674396403 1.41455580859274943073 -0.294999731456291658382 1656071274.76887011528
[ccnc] 0.500109203258987222718 0.228176485410276241872 0.301402972870557617213 0.179798696907074978535 1.41454632011815295556 -0.294998523756035802013 1656071274.77891993523
[ccnc] 0.500109203258987222718 0.228176485410276241872 0.301402972870557617213 0.179798696907074978535 1.41454632011815295556 -0.294998523756035802013 1656071274.78891992569
[ccnc] 0.500105732410455194881 0.228176095503254433572 0.301426182959638577774 0.179798955081136163647 1.41448885290565606887 -0.295003747754570166961 1656071274.79882001877
[ccnc] 0.500106547276614854525 0.228176017551572962727 0.301434660701580314779 0.179799969443032198191 1.4144697686842695461 -0.295003826379215794429 1656071274.80890011787
[ccnc] 0.500111648690018562036 0.228176251436340404855 0.301428406336090692896 0.179801739926987974583 1.41448906745512958949 -0.29499875969884981064 1656071274.8190600872
[ccnc] 0.500112201600689809666 0.228182007255769703225 0.30143269849409770611 0.179786500261884391039 1.41447942356325584434 -0.294992771710704482224 1656071274.82892990112
[ccnc] 0.500117074711224574024 0.228199508787997912274 0.301434525636890215949 0.179741348372718073856 1.41447927877151391485 -0.294970948699905866075 1656071274.83880996704
[ccnc] 0.50012519492343165961 0.228228678539795531988 0.301437570154485467988 0.179666095328601699288 1.41447903626061743942 -0.29493457689035801339 1656071274.84887003899
[ccnc] 0.500130066067528744611 0.228246180709663987196 0.301439396432800987835 0.179620943564833990269 1.41447889003928661822 -0.294912753729702215022 1656071274.85886001587
[ccnc] 0.500133313087242181716 0.228257848955715825223 0.301440613771574938973 0.179590842415116691555 1.41447879226056971724 -0.294898204924713247532 1656071274.86892008781
[ccnc] 0.500134936474192492994 0.228263683118579585596 0.301441222386930551824 0.179575791848096716352 1.41447874328186262716 -0.294890930512853366441 1656071274.87890005112
[ccnc] 0.500134936474192492994 0.228263683118579585596 0.301441222386930551824 0.179575791848096716352 1.41447874328186262716 -0.294890930512853366441 1656071274.88887000084
[ccnc] 0.500134936474192492994 0.228263683118579585596 0.301441222386930551824 0.179575791848096716352 1.41447874328186262716 -0.294890930512853366441 1656071274.89884996414
[ccnc] 0.500134936474192492994 0.228263683118579585596 0.301441222386930551824 0.179575791848096716352 1.41447874328186262716 -0.294890930512853366441 1656071274.90889000893
[ccnc] 0.500134936474192492994 0.228263683118579585596 0.301441222386930551824 0.179575791848096716352 1.41447874328186262716 -0.294890930512853366441 1656071274.91930007935
[ccnc] 0.500134936474192492994 0.228263683118579585596 0.301441222386930551824 0.179575791848096716352 1.41447874328186262716 -0.294890930512853366441 1656071274.92885994911
[ccnc] 0.500133050050052596625 0.228263683118579585596 0.301436427412324070563 0.179574588719861455433 1.41448823187602790163 -0.294892136999871434799 1656071274.93887996674
[ccnc] 0.500129277063859234431 0.228263683118579585596 0.301426837517369705655 0.1795721824463509253 1.41450720906351956607 -0.294894549968305386134 1656071274.95036005974
[ccnc] 0.500127390501806101675 0.228263683118579585596 0.301422042597022821209 0.179570979301075711598 1.41451669765684662217 -0.294895756449721491155 1656071274.95903992653
[ccnc] 0.500129013830155844111 0.228269517307999936229 0.301422651114103989922 0.179555928808026205035 1.41451664865078097222 -0.294888481708629357492 1656071274.96884989738
[ccnc] 0.500129013830155844111 0.228269517307999936229 0.301422651114103989922 0.179555928808026205035 1.41451664865078097222 -0.294888481708629357492 1656071274.98376011848
[ccnc] 0.500129013830155844111 0.228269517307999936229 0.301422651114103989922 0.179555928808026205035 1.41451664865078097222 -0.294888481708629357492 1656071274.99392008781
[ccnc] 0.500129013830155844111 0.228269517307999936229 0.301422651114103989922 0.179555928808026205035 1.41451664865078097222 -0.294888481708629357492 1656071275.00390005112
[ccnc] 0.500130637076565576216 0.228275351523975600365 0.301423259595167025715 0.179540878320202962337 1.41451659958514808224 -0.29488120696129388465 1656071275.0139400959
[ccnc] 0.500134146785586652939 0.228281185766505217982 0.301428663007246577799 0.179527030931321662788 1.41450706184246643993 -0.29487272596854091633 1656071275.02390003204
[ccnc] 0.500134146785586652939 0.228281185766505217982 0.301428663007246577799 0.179527030931321662788 1.41450706184246643993 -0.29487272596854091633 1656071275.03390002251
[ccnc] 0.500134146785586652939 0.228281185766505217982 0.301428663007246577799 0.179527030931321662788 1.41450706184246643993 -0.29487272596854091633 1656071275.04382991791
[ccnc] 0.500134146785586652939 0.228281185766505217982 0.301428663007246577799 0.179527030931321662788 1.41450706184246643993 -0.29487272596854091633 1656071275.05423998833
[ccnc] 0.500133883323563788181 0.228287020035587401301 0.301424476449238143427 0.179510777360235934674 1.41451650127518036015 -0.294866657447893254496 1656071275.06386995316
[ccnc] 0.500131996738874207153 0.228287020035587401301 0.301419681484729362619 0.179509574278028050109 1.41452598990043254545 -0.294867863604452495885 1656071275.07386994362
[ccnc] 0.500130110108213510323 0.228287020035587401301 0.301414886538308224306 0.179508371190141180485 1.41453547852540539864 -0.29486906975914400908 1656071275.08392000198
[ccnc] 0.500126336708979546408 0.228287020035587401301 0.301405296699730707033 0.179505964997330735855 1.41455445577451333072 -0.294871482062924072931 1656071275.09389996529
[ccnc] 0.500120863643504720564 0.22828759956910429918 0.301390880517395431948 0.179510224359131359551 1.41458144385756789951 -0.294860428603919588753 1656071275.10387992859
[ccnc] 0.500107654330641415719 0.22828759956910429918 0.301357317019537607194 0.179501802941241905831 1.41464786424871169501 -0.29486887170979114714 1656071275.1140499115
[ccnc] 0.500086627697917562863 0.228293433867181122521 0.301300389622203623752 0.179472315557990508283 1.41476167882994574576 -0.29487606852121744927 1656071275.12392997742
[ccnc] 0.500052375297820206335 0.228299268191807569472 0.301209904633274905272 0.17943440536534524532 1.41494191394782853344 -0.294891704689609124301 1656071275.13389992714
[ccnc] 0.499991915960993682511 0.228299268191807569472 0.301056499759088991297 0.179395899378096079779 1.41524555008545327439 -0.294930293558923695141 1656071275.14385008812
[ccnc] 0.499908976011299688302 0.228293433867181122521 0.30084978471626311336 0.179359196196152620439 1.41565360891214897521 -0.2949894288084225491 1656071275.15404009819
[ccnc] 0.499812420610347141192 0.228293433867181122521 0.300605374635773525682 0.179297801922667171537 1.41613752739125176028 -0.295050925887007153836 1656071275.16383004189
[ccnc] 0.499710327812920296342 0.22828759956910429918 0.300350825020302580892 0.179249030982455537231 1.41664046961482892328 -0.295122122327650171503 1656071275.17389011383
[ccnc] 0.499594008096275910003 0.228258428477013358693 0.300074752038321568293 0.179255606424099239726 1.41718155092329523015 -0.295227334794641305127 1656071275.18386006355
[ccnc] 0.499465599271258442471 0.228200088284846475117 0.299786151182837690143 0.179334966860954070356 1.41774183019070232348 -0.29537151052179105859 1656071275.19413995743
[ccnc] 0.499346262709863430995 0.228147584383732282554 0.299517381228212253852 0.179404066593525812756 1.41826409527344243777 -0.295503638095085063853 1656071275.2039000988
[ccnc] 0.499237891723517290821 0.228141750749843441604 0.299248711988292059871 0.179351583548187920591 1.41879548509402964029 -0.295578559384034489366 1656071275.21392989159
[ccnc] 0.499123645903869206375 0.228135917142540084468 0.2989657458626209241 0.179295461694434637989 1.41935533790350576488 -0.295657105838983413904 1656071275.22383999825
[ccnc] 0.498999182965806808987 0.228100916057088959343 0.298675058319004094187 0.179313315181416382815 1.41992489065743843213 -0.295773465723891737511 1656071275.23387002945
[ccnc] 0.49887071629713475307 0.228065915929056922673 0.298374881000345537618 0.179328721365993842829 1.42051341072055548054 -0.295892292963167158337 1656071275.24386000633
[ccnc] 0.498740435423157491002 0.228025083656819754774 0.298074185479874631532 0.179359131618562900323 1.42110196236807140302 -0.296018503454338832714 1656071275.25411009789
[ccnc] 0.498614102104551482064 0.227978419799631126796 0.297787315161586019219 0.179408167425957498775 1.42166207886041884301 -0.296148484950177925956 1656071275.26390004158
[ccnc] 0.498498268693965629339 0.227949255754117008355 0.297516652779828860709 0.179415682939869730594 1.42219360214370804663 -0.29625288781022385276 1656071275.27382993698
[ccnc] 0.498383625932972251782 0.227931757646365529268 0.297242472118578238138 0.179391890303647133509 1.42273452959422419539 -0.296343850886253368238 1656071275.28384995461
[ccnc] 0.49827566136209056058 0.227931757646365529268 0.296974922277365049883 0.179324178070620204872 1.42326585122514792658 -0.29641157927367145497 1656071275.29391002655
[ccnc] 0.498157893659606831882 0.227931757646365529268 0.296683550063690737453 0.179250399723621306469 1.42384461127651729129 -0.29648534817225513649 1656071275.30380010605
[ccnc] 0.49802447564828983273 0.227931757646365529268 0.296354048181403539886 0.179166919910574290453 1.42449927301413703518 -0.296568783300545923964 1656071275.31384992599
[ccnc] 0.497880539158879198425 0.227943423024900754248 0.29599240662068776464 0.179044877215703307494 1.42522027536139428427 -0.296645941517301559021 1656071275.32383990288
[ccnc] 0.497723762623138499261 0.227972586937275234487 0.295589694631551214155 0.178866819880512478713 1.42602656083329759618 -0.296711823791112716542 1656071275.33392000198
[ccnc] 0.497566419136360571507 0.228042583042414842565 0.295162608662806635884 0.178576272322094969924 1.42688952597298990277 -0.296733211024995113814 1656071275.34379005432
[ccnc] 0.4974181791860670665 0.228153418044205080761 0.294734981905843074212 0.178179320704821869681 1.4277617321164071118 -0.296703899511937319033 1656071275.35424995422
[ccnc] 0.497266923564495755272 0.22824092614044289018 0.29431463951887965047 0.177844905804995123688 1.42861511303157739938 -0.296701459016598168006 1656071275.36416006088
[ccnc] 0.497105178136174830072 0.228264262642321275054 0.29390704125980254835 0.177680594803524743996 1.42943094846671225895 -0.296775392788120095933 1656071275.37389993668
[ccnc] 0.496945075441983852294 0.228252594338263448126 0.2935246609317023192 0.177613658588127082405 1.43019007091409888766 -0.296886487938264220787 1656071275.3839199543
[ccnc] 0.496803671438461436072 0.228252594338263448126 0.29318167283380025534 0.177526343133411118602 1.43087321456562799327 -0.29697314013545045297 1656071275.39395999908
[ccnc] 0.496674177954888718123 0.22824676022607282011 0.292871534016812928858 0.177462510570913750696 1.43148997447031711694 -0.297058778759313135698 1656071275.40387010574
[ccnc] 0.496553387396473366877 0.228223424042930500555 0.292593061685126665239 0.177452202217999066569 1.43204041658932346159 -0.297158268365319888638 1656071275.41459989548
[ccnc] 0.496443943374952234571 0.228205922184513493312 0.292339036539511099022 0.177432919632144192601 1.43254338028372241176 -0.297244341716972282352 1656071275.42391991615
[ccnc] 0.496348200261189531624 0.228188420565228866632 0.292118379508015224566 0.177422116229438903146 1.43297992445826194441 -0.297322008150064653886 1656071275.43400001526
[ccnc] 0.496212791253795360014 0.228170919185113729721 0.291802615171625978618 0.177387000764363034211 1.43360622331783171823 -0.297423773796084145449 1656071275.4488298893
[ccnc] 0.496114827294641569377 0.228153418044205080761 0.291577308334137641488 0.177374942017083481183 1.43405224783661555676 -0.297502684133933104071 1656071275.45546007156
[ccnc] 0.496019688192906371693 0.228153418044205080761 0.291349021037245303756 0.177316608935091490906 1.43450766492496839533 -0.297560482681345939149 1656071275.46891999245
[ccnc] 0.495910893909591865558 0.228147584383732282554 0.291091674754216767074 0.177265981261456595508 1.43502003858256199642 -0.297632950163271570165 1656071275.47894001007
[ccnc] 0.495782433601315464244 0.228135917142540084468 0.290791030921018378574 0.177219401873545262527 1.43561783026448153144 -0.297723711649758415732 1656071275.48885989189
[ccnc] 0.495635512833163371926 0.228130083561823376881 0.290443520758321582775 0.177145619342597260282 1.43631046720559152341 -0.297819067266028081331 1656071275.49887990952
[ccnc] 0.495472028780377438117 0.228130083561823376881 0.290053933631817806305 0.177045841518906177381 1.43708846275414714455 -0.297917793720914259037 1656071275.50890994072
[ccnc] 0.495293881738947283644 0.228135917142540084468 0.289627056802627291798 0.176921277648969865748 1.43794233054987818932 -0.298018663293203200926 1656071275.51912999153
[ccnc] 0.495100974847984154348 0.228147584383732282554 0.289162927238015121656 0.176771920631745738106 1.43887207217643786628 -0.298121648107834535946 1656071275.52875995636
[ccnc] 0.494891562716853194992 0.228159251731260503959 0.288661017585574053435 0.17661276678794121664 1.43987771555536903101 -0.298234206750262353935 1656071275.53884005547
[ccnc] 0.49467798731049261729 0.22816508544489721988 0.28815400923832218405 0.176467338714964533386 1.44089287196410098524 -0.298355411899665801112 1656071275.54887008667
[ccnc] 0.494468223454273991813 0.228182508790870985926 0.287656798251789413978 0.176292857221921756006 1.44188889262972708138 -0.298461640366871228114 1656071275.55880999565
[ccnc] 0.494253236673963147751 0.228194176472190535243 0.287146044753245344161 0.176131091152778307407 1.44291351114321719784 -0.298576435554407548789 1656071275.56885004044
[ccnc] 0.494046221579700184368 0.228200010352710508377 0.286658633057365552776 0.175990366649734802929 1.4438907145485193606 -0.298692691468129434273 1656071275.57884001732
[ccnc] 0.493845214451979819259 0.228200010352710508377 0.28618980414137018542 0.175869465189320839382 1.44482998843882448625 -0.29881163865610627095 1656071275.58892989159
[ccnc] 0.493651910523837667011 0.228200010352710508377 0.285740097379995949822 0.175753395792658778651 1.4457313092082539896 -0.298925762532964489626 1656071275.59881997108
[ccnc] 0.493461327972525065633 0.228199932430479951462 0.285303744731861985695 0.175639504138889068763 1.4466040547455480958 -0.299038746660694854107 1656071275.60893988609
[ccnc] 0.493286319277994267374 0.228205688440094422997 0.284901222246492447088 0.175519134174662305714 1.44741036490521413072 -0.299135752530137744021 1656071275.61926007271
[ccnc] 0.49311674476404404599 0.228205376919538127645 0.284533080903476842671 0.175419178050558510762 1.44814046327952206106 -0.299238126092684630919 1656071275.62884998322
[ccnc] 0.492958098167954050783 0.228205143383123115752 0.28418498673344028127 0.175325516972408806948 1.44883271967943705327 -0.299333204741071001731 1656071275.63890004158
[ccnc] 0.492810952159284887397 0.228210899565341462925 0.283849022613139712057 0.175222168887538831683 1.44950620138642771728 -0.299413338493613567781 1656071275.64893007278
[ccnc] 0.492676864261611002771 0.228216733599790749798 0.283537780839862640914 0.175126360135390346517 1.45013235564152354051 -0.299484971778789521579 1656071275.65885996819
[ccnc] 0.49255536060137539156 0.228216733599790749798 0.283259129860657155042 0.175054086912294487588 1.45069211499311290225 -0.299555771831522710258 1656071275.66890001297
[ccnc] 0.492427508964496274402 0.228216733599790749798 0.282966384297364759171 0.174978117233939023389 1.4512803355950067985 -0.299630164802762721799 1656071275.67890000343
[ccnc] 0.492299483337112542269 0.228216733599790749798 0.282673714783043594778 0.174902125471921188193 1.4518685550795973338 -0.299704550512835621312 1656071275.68894004822
[ccnc] 0.492169214604256111123 0.228216733599790749798 0.282376402797936798539 0.174824885411459490792 1.45246626083003471663 -0.299780128553224944898 1656071275.69927000999
[ccnc] 0.492035843028207464656 0.228228401748391540593 0.282066107283559519558 0.174713987773931545 1.45309239665390110829 -0.299844087102470291395 1656071275.70916008949
[ccnc] 0.491910936313849411761 0.228263406831713006051 0.281762784777926711399 0.174544391713515045783 1.45370898489405142584 -0.299876374981536575337 1656071275.71940994263
[ccnc] 0.491780469256614727325 0.228286744085083426192 0.28145373309826521302 0.174403508877762097873 1.45433509369366231745 -0.299925021301613192737 1656071275.72888994217
[ccnc] 0.491656918417698929336 0.228298412871082490039 0.281167245008165367359 0.174298695693925947969 1.45491379681038401905 -0.299982869171850241585 1656071275.73884010315
[ccnc] 0.491539887483499526866 0.228304247303905666344 0.28089913692765244857 0.174213749454355609769 1.45545456519366700476 -0.300043524888387536098 1656071275.74883008003
[ccnc] 0.49143270034869696028 0.228315916249192507603 0.280650477486616645173 0.174118726960094977185 1.45595736994640700956 -0.300091745053166880641 1656071275.75890994072
[ccnc] 0.491340325832060775824 0.228350923722077908673 0.280422867679529841389 0.173968721570648993113 1.45642217048154543058 -0.300104618554570934386 1656071275.76877999306
[ccnc] 0.491281020114654576325 0.228444281652688069295 0.28023835038530642283 0.173678838950109742933 1.45681093029776809189 -0.300031496891245530456 1656071275.77886009216
[ccnc] 0.491273608974618136713 0.228677706162955657332 0.280094958788675851835 0.173037077585077109232 1.45714237390195044952 -0.299767733618565401787 1656071275.78883004189
[ccnc] 0.491293420505985345415 0.229016246877035395402 0.279956387598617684187 0.172124713153004926802 1.45748287859664071853 -0.299367336734835343126 1656071275.79888010025
[ccnc] 0.491328529546676939788 0.229395751393339203394 0.279830802882558404843 0.171110117375433440357 1.45780406668644113566 -0.298910685588472335716 1656071275.80887007713
[ccnc] 0.491363947124524469423 0.229792890381832787261 0.279697196860273944452 0.170048271484903451567 1.45814392542179072088 -0.298433051183806308249 1656071275.81909990311
[ccnc] 0.491400565854675397404 0.230195993467445125802 0.279563915663982920368 0.168971568737441901753 1.4584835061913155041 -0.297947335349657282944 1656071275.82881999016
[ccnc] 0.491427229125367903695 0.230587531331125639156 0.279415250204345766427 0.167921237169570386483 1.45885137505095396904 -0.297479994534628922054 1656071275.83889007568
[ccnc] 0.491449494925828067604 0.230990804653448844608 0.279257020661531019101 0.166837227750005590021 1.45923780289629712037 -0.297001603963702842659 1656071275.84890007973
[ccnc] 0.491474316805604383163 0.231394276143882582364 0.279099567532876513543 0.165754765855697538957 1.45962409001293913491 -0.296520305663604655244 1656071275.85963988304
[ccnc] 0.491490695634213048404 0.231768620470220287899 0.278939339180716561195 0.164747228759802494258 1.46001036301628950298 -0.296076857851902963681 1656071275.86887001991
[ccnc] 0.491494500974371639757 0.232113812523272289301 0.27876695210872937114 0.163812162608027472865 1.46041566109676979046 -0.295673604128928568802 1656071275.87890005112
[ccnc] 0.49148261246493296639 0.232418123624639566538 0.278581427341486220772 0.162979472628571209203 1.46084014278345875049 -0.29532592538727814313 1656071275.88891005516
[ccnc] 0.491469907790671067804 0.232728358035571430973 0.278391579465850858011 0.162130698840733500354 1.46127393067594280041 -0.294971301642373673335 1656071275.89890003204
[ccnc] 0.491453731067630683604 0.233026953132621172937 0.2782006017117629737 0.161311931802809116476 1.46170770020987927929 -0.294631629650103366025 1656071275.91382002831
[ccnc] 0.491429738321145337387 0.233454469035372896846 0.277926307453417897886 0.160139937249307945377 1.46232985789785563391 -0.294144911833734978845 1656071275.92389011383
[ccnc] 0.491409265228177571938 0.233700498308378357137 0.277754127516496751582 0.159462044763505061962 1.46271643926178440687 -0.293867904661998802229 1656071275.93387007713
[ccnc] 0.491391244833104590128 0.233940712751998985963 0.277590798568742580521 0.158801598432549345707 1.46308401535184939846 -0.2935960651876375338 1656071275.94393992424
[ccnc] 0.491345987078080748134 0.234040326302147522197 0.277439063995863377521 0.158506123669305415413 1.46340568968874773503 -0.293503179871268282675 1656071275.95436000824
[ccnc] 0.491339725704789676008 0.234309905341523377897 0.277287527831769853304 0.157773446232552350121 1.46375381492081446666 -0.293190151604138748986 1656071275.96385002136
[ccnc] 0.491284923337924506193 0.234409475926804056201 0.277120649731210311195 0.157473001118332511794 1.46410382876321354395 -0.293102637844937174982 1656071275.97389006615
[ccnc] 0.491225229835904719788 0.234479814858396862221 0.276952291387971005765 0.15724870573707880328 1.46445430013563315796 -0.29305124229580470363 1656071275.98389005661
[ccnc] 0.491165345880649251153 0.234573605721194733409 0.27677177872965802452 0.156960986223187715094 1.4648329657369276724 -0.292972247410810848756 1656071275.9939699173
[ccnc] 0.491108047910734868413 0.234696646425206240094 0.276588035224329953365 0.156595949342499679569 1.46522064787276207198 -0.292857982874694389164 1656071276.00382995605
[ccnc] 0.491026828254573666221 0.234802109019260796252 0.276360454012852030381 0.156264860846566988606 1.46569400207046074414 -0.292776676685735981476 1656071276.01392006874
[ccnc] 0.490914493787644568012 0.234848737522618339346 0.276110985272467468477 0.156075460291421636017 1.46619626888386078711 -0.292782703425865487024 1656071276.02388000488
[ccnc] 0.490768146552277795269 0.234859426071393484481 0.275866805425557526377 0.155965360302489947086 1.46665984058800646928 -0.292855999739133843196 1656071276.03396010399
[ccnc] 0.490593819375906514679 0.234858458967480449031 0.275561570789428222916 0.155870711859658672704 1.46724711111735151015 -0.292956782556882067148 1656071276.04382991791
[ccnc] 0.490387166761747150812 0.234857149381995478077 0.27521402981186521286 0.155759368108275203513 1.46790981821681931763 -0.293077917331777237919 1656071276.05428004265
[ccnc] 0.490151056612356639253 0.234855225580010540387 0.274853314118029767865 0.155634254851876902004 1.46858106649319819503 -0.293220890229323905007 1656071276.06386995316
[ccnc] 0.489892335651972210542 0.234852899327618658276 0.274477689178668993186 0.155498279280726847684 1.46927066601279565639 -0.293379869356728884 1656071276.0739300251
[ccnc] 0.489598072791846361529 0.234850176311321878764 0.274059061775344114942 0.155344101238245185792 1.47003558870481532139 -0.293561459337324692775 1656071276.08383989334
[ccnc] 0.489273335444008194983 0.234846793447108070918 0.273631281929318070922 0.155175839465924197969 1.47079944143618068786 -0.293766029849026111265 1656071276.09387993813
[ccnc] 0.488912472710843593049 0.234842831545549968197 0.273176662259957736545 0.15498994612555769268 1.47160030819176745887 -0.29399565850059944383 1656071276.10385990143
[ccnc] 0.488513237440417913415 0.234838305410269870821 0.272690674096196128406 0.154785120998183783891 1.47244767900769102376 -0.294251412134080292393 1656071276.11391997337
[ccnc] 0.488086264103960887351 0.234833559866964747265 0.272168831907272368298 0.154565831968418831988 1.47336107146616379637 -0.294523951952669615917 1656071276.12385010719
[ccnc] 0.487614051028668504806 0.234828602946982878397 0.27157388113459879353 0.1543222215345939341 1.47441644415561223802 -0.294822059954086557187 1656071276.1338698864
[ccnc] 0.487107607552259846972 0.23482905419254312962 0.270949548673697304668 0.154045926329622495654 1.47551834577628548928 -0.295135992484440723427 1656071276.1438999176
[ccnc] 0.486558881405864451786 0.234828750204096631249 0.270309634437157386699 0.153749599840796336014 1.47662831846491227061 -0.295480618785816551153 1656071276.15434002876
[ccnc] 0.485987993804306572798 0.234840086265893421835 0.26963649994552196798 0.153410137561861337208 1.47780427610571529762 -0.295823656945237711824 1656071276.16392993927
[ccnc] 0.485395347929673981469 0.234862953137249558244 0.268942445808335039992 0.153028387164347301486 1.47901752195411573254 -0.296166207497160549611 1656071276.17383003235
[ccnc] 0.48479821767816794198 0.234915103849530182423 0.268244715730114768881 0.152566351248514420202 1.48023961425075567533 -0.296476244787960030447 1656071276.18389010429
[ccnc] 0.484208500405852726445 0.235026218206543430211 0.26752681923615645454 0.151950945272306958689 1.48151829088295894366 -0.2967073444430252116 1656071276.1938700676
[ccnc] 0.483647515467165056702 0.235188639994353049234 0.266793896214195969119 0.151228497796079608406 1.4828561892608143058 -0.29684738146372463552 1656071276.20403003693
[ccnc] 0.483096742576139881464 0.235357926097644387653 0.266001789953920930731 0.150492793100097110859 1.48434757796158023346 -0.296961031855229096177 1656071276.21392011642
[ccnc] 0.482575127277217019728 0.235601015534909780103 0.265152896975781648958 0.149561426289009480328 1.48599972144508618577 -0.296959323802501728995 1656071276.22377991676
[ccnc] 0.482066512257302681732 0.235950027044615789906 0.264285052316315438592 0.148356518933698444673 1.48770773894902519352 -0.296815939527910854778 1656071276.23387002945
[ccnc] 0.481599003400118630402 0.236423571284581884866 0.263362323476144521983 0.146843350260699861964 1.48957752295230405615 -0.296481020154082230977 1656071276.24381995201
[ccnc] 0.481164214929905353912 0.237033087558523425376 0.262405935319643179859 0.144988845889294032387 1.49155089518653993785 -0.295948446587153579657 1656071276.25434994698
[ccnc] 0.480759622379737405762 0.237748947011709621524 0.26146275691157067067 0.142872293749084278147 1.49351319332870957624 -0.295260404963543443557 1656071276.263890028
[ccnc] 0.480377087175345329761 0.238524045650074539848 0.260554288162758829195 0.140615415800100534982 1.49540743760632555137 -0.294481658102194787663 1656071276.27388000488
[ccnc] 0.480023186670750501293 0.239357760248881584753 0.259710025616008644 0.138214369378583168402 1.49716778211932854958 -0.293625419831839706841 1656071276.28393006325
[ccnc] 0.479680026095259226526 0.240204396182899709844 0.25889305620150376841 0.135800251297947788265 1.49886878154934333196 -0.292727742640009502839 1656071276.29391002655
[ccnc] 0.479372144116118170665 0.241057397796929417932 0.258165658053641611236 0.133393789583069383164 1.50037844920353680145 -0.291801604778050671651 1656071276.30385994911
[ccnc] 0.479059341369324986903 0.241875720660252979677 0.257433596628259209194 0.131080485946415720155 1.50189767470219526224 -0.290913744416373909463 1656071276.31535005569
[ccnc] 0.47873420272382227747 0.242617531264868041552 0.256746679791761744927 0.128966866642961114353 1.50330294180069445886 -0.290128815644475512858 1656071276.3238298893
[ccnc] 0.478385142999360302163 0.243276724692191581578 0.256093956429599090008 0.127062237473886785466 1.50461341364861422853 -0.289462061567989925592 1656071276.33392000198
[ccnc] 0.478050235713815552252 0.24410702518229968061 0.255503999883191446063 0.124724109978905442486 1.50577492651048383543 -0.288574808350526623713 1656071276.34377002716
[ccnc] 0.477614965148001890949 0.244552049842499091836 0.255048563620087265225 0.123349102481619329885 1.50656100581638785485 -0.288252311515378500939 1656071276.35408997536
[ccnc] 0.47711460447272219243 0.244747739813149345345 0.254716812104337386735 0.122596977945805360455 1.50701711895404732999 -0.288302194157938451724 1656071276.36421990395
[ccnc] 0.476419572147025294218 0.245235390835378042063 0.254507225394768277216 0.121003112244689431387 1.50703558880059618197 -0.288130268685576784726 1656071276.3789100647
[ccnc] 0.47592014106197777501 0.245435566651745790123 0.254514043153659497154 0.120254547887764351444 1.50667675360480202151 -0.288216088337818809872 1656071276.388890028
[ccnc] 0.475406140123210196879 0.245599990984554761297 0.254616925016301287599 0.119596653436823116556 1.50607890259939347644 -0.288368977358734734917 1656071276.39891004562
[ccnc] 0.474883572794230102154 0.245728813990441719017 0.254817413032101758308 0.119031861708808361922 1.505242243900735577 -0.288585264138368657871 1656071276.40892004967
[ccnc] 0.474343103114544861754 0.245781343258080209324 0.254975036429736123811 0.118655250884218327334 1.50450327566664832091 -0.288904210575138598038 1656071276.4146399498
[ccnc] 0.473797915910005085216 0.245787251157550401537 0.255077259905319375655 0.118395129679897639918 1.50389982019408141589 -0.289277891333504622029 1656071276.42886996269
[ccnc] 0.473259008904672318074 0.24578202827595241331 0.255130639126047109588 0.118165064676109446418 1.50342151164745851943 -0.289654491263054036931 1656071276.43886995316
[ccnc] 0.472712418439400650083 0.245777378404603175088 0.255123714191845207822 0.117927996626146169845 1.50308666671144797178 -0.290026735777116684289 1656071276.44889998436
[ccnc] 0.47214011409621908788 0.245778584622202311838 0.255174436319065556233 0.117666952735910060324 1.50259734854263582449 -0.290416388833977856532 1656071276.45893001556
[ccnc] 0.471538545866268477003 0.245773823625988735442 0.255301818473841646284 0.117411610845499739253 1.50190587778829409693 -0.290843832640920119115 1656071276.46891999245
[ccnc] 0.470908864497088464063 0.245769231770142704274 0.255490405033109435617 0.117146424548984093295 1.5010504342295185598 -0.291298077400126920189 1656071276.47889995575
[ccnc] 0.470263152990899491179 0.24576501115053173141 0.25574322349063222104 0.116876776483066061041 1.5000314232297380368 -0.291771111217554723893 1656071276.48888993263
[ccnc] 0.4696016721773377256 0.245761399960653048602 0.256009104977430512751 0.116600103688750192377 1.49897345447840280031 -0.292255226458105255016 1656071276.49892997742
[ccnc] 0.46894471443925750398 0.245758609095912766707 0.256233848034359501522 0.116322473355377389859 1.4980210016482533586 -0.292729010997153094031 1656071276.50882005692
[ccnc] 0.468294331476341807452 0.245762572190550587781 0.256366690509367833872 0.116027083099228142671 1.49729856267491845401 -0.29317616125781337244 1656071276.51919007301
[ccnc] 0.467645830198919421061 0.245796901884683949291 0.256430062982653195203 0.115652979679249784395 1.49674774470842697482 -0.293571277996617141515 1656071276.52886009216
[ccnc] 0.466978065233999151129 0.245879314889166922242 0.256537102218614698756 0.115151980339079210158 1.49607972254106202925 -0.293919906980840861532 1656071276.53890991211
[ccnc] 0.466301261068470973559 0.24602781257348654842 0.256658624529762069422 0.114482626238559537235 1.49537099234172576878 -0.294186062605820197735 1656071276.54889988899
[ccnc] 0.465587611456139471855 0.246200901237896785378 0.256784636649948494469 0.113737440001182257832 1.49463143144588928024 -0.294441800069449255428 1656071276.55875992775
[ccnc] 0.464831807962510501486 0.246354424778194858181 0.256866294292918795339 0.113036624316248821009 1.49397886736308138644 -0.294739369401980255692 1656071276.56885004044
[ccnc] 0.464072514432368465886 0.246570857275286492438 0.25690218297898692601 0.112162367951280719791 1.49343759996911273902 -0.294948444057457237477 1656071276.5789000988
[ccnc] 0.463320740324744517746 0.246835466137342141035 0.256783936298881743099 0.111164625710398451419 1.49327850020499375283 -0.295061858444842839422 1656071276.58885002136
[ccnc] 0.462603702041079589691 0.247142269926788060719 0.256623747142283475942 0.110077045423799868562 1.49324388474784219838 -0.295084790168869071092 1656071276.59886002541
[ccnc] 0.461897082340022635538 0.247491673579010557082 0.256541763725532667717 0.1088958680729127243 1.49302611194470480349 -0.295048569626981505021 1656071276.60888004303
[ccnc] 0.461176371213701363772 0.247907709987164215359 0.25649705446567222511 0.107549327829973895287 1.49270979365181499787 -0.294929060634648243511 1656071276.61942005157
[ccnc] 0.460457385713322342458 0.248396455487620571034 0.256496879590450588271 0.106031152041995743729 1.49228562114776597269 -0.294707063150341175284 1656071276.62893009186
[ccnc] 0.4597310400726005164 0.248969954803290371981 0.256503858796450934232 0.104306895828774101598 1.49183905267594374422 -0.294364632369824852365 1656071276.63880991936
[ccnc] 0.45899959726145334038 0.249610093231830754146 0.256451981840061016271 0.102419257632964041949 1.49153360220135744463 -0.293914925688756323297 1656071276.64888000488
[ccnc] 0.458263769101902307401 0.250244845271430316203 0.256298945027717606227 0.100543094163511648187 1.49147710119371956772 -0.293452849543799743071 1656071276.65885996819
[ccnc] 0.457510481744772434798 0.250844232542985656753 0.256042503989350522797 0.0987454323001602379817 1.49167018448988986101 -0.293029329550840322849 1656071276.66890001297
[ccnc] 0.456758761837063376188 0.251408970440366086319 0.255858935348943328236 0.0970445948420922688271 1.49169171312594062151 -0.292656443306408109439 1656071276.67891001701
[ccnc] 0.456003785230247926652 0.251956733433738255812 0.25574416132443705818 0.0953966385164128072294 1.49155613141600751348 -0.292311573358385701216 1656071276.68886995316
[ccnc] 0.455212735581597027767 0.25248823048796070756 0.255627073420786055102 0.0937776787299740705039 1.49140451682851482573 -0.292004644532182777716 1656071276.69884991646
[ccnc] 0.454387784258618754318 0.253032796249833935587 0.255466170493918787177 0.0921158882222495867254 1.49134697622208078904 -0.291685388967767800228 1656071276.70920991898
[ccnc] 0.453536348551017987063 0.253548124905296434761 0.255240115225474961669 0.0905147283315170109175 1.491442876398603401 -0.291408029768311815921 1656071276.71919989586
[ccnc] 0.452665205390308911237 0.254000951514116279917 0.254922592660215996396 0.0890675603125779119518 1.49176248336909078596 -0.291210921785253762373 1656071276.72884988785
[ccnc] 0.451791578082803568783 0.254399666026228599147 0.254521829066713278777 0.0877465583202079735248 1.49229494797520856331 -0.291077420253363750025 1656071276.73885011673
[ccnc] 0.450894490850145435168 0.254712186813822238918 0.2541406072113862602 0.08661435995447652747 1.49278034480873422751 -0.291086746830047982115 1656071276.74889993668
[ccnc] 0.449970865997356028743 0.255005296027484784638 0.253799615557749325134 0.0855381153673248351144 1.49316171147153764487 -0.291137743105653823417 1656071276.75888991356
[ccnc] 0.449019191767196845788 0.25526972137840997501 0.253484135233810081722 0.0845242480249778216361 1.49347611256995871365 -0.291247151490883204872 1656071276.7688601017
[ccnc] 0.448039647598160395425 0.255532281968265717609 0.253179466704606559446 0.0834938728328209062157 1.4937592948014410954 -0.29137611041460997896 1656071276.77887988091
[ccnc] 0.447036957691228142853 0.255711426413776643507 0.252847615823281135494 0.0826523131131217669854 1.49411202133587739382 -0.291637327585017869236 1656071276.78891992569
[ccnc] 0.446021745104619671274 0.255869634063835116322 0.252438678621233036914 0.0818634581901517277558 1.49465851407483607538 -0.291920112613330839935 1656071276.79890990257
[ccnc] 0.445048464408063781939 0.256047944722434195342 0.251990278505436537948 0.0810272195710572823435 1.49532873749828865151 -0.292142517848692218063 1656071276.80886006355
[ccnc] 0.444055047993506257775 0.256191207308322177472 0.251553982669504239134 0.0802681564674850300811 1.49597084458659868034 -0.29242899634719649038 1656071276.81919002533
[ccnc] 0.442533073074263538782 0.256346374687595579545 0.251039338661756927795 0.079272352406687618398 1.49659468417272334406 -0.292984453441305303656 1656071276.82886004448
[ccnc] 0.441520692111758372711 0.256487733239246729067 0.250775523536827471549 0.0785288817141127498678 1.49682379239288732009 -0.29330260080947523349 1656071276.84389996529
[ccnc] 0.440505398753624821673 0.256654706153006451075 0.250540517198372281182 0.0777267140331294181799 1.49697909880252910675 -0.293583672560590036582 1656071276.84963011742
[ccnc] 0.439512599411981341735 0.25677307327963377892 0.250298054596537422611 0.0770487316038334230095 1.4971809088905301266 -0.293924525074454379148 1656071276.86033010483
[ccnc] 0.438535803258842615815 0.256852279763745083851 0.250041224118906668661 0.0764807794412285107954 1.49743420597945098294 -0.294310848433553706727 1656071276.87389993668
[ccnc] 0.437552557083159987528 0.25693403060518810177 0.249710118382100998424 0.0758841212534122344646 1.49787738636506406742 -0.294687516254410752925 1656071276.8839199543
[ccnc] 0.43654179639392320933 0.25709876613275861601 0.249396296968082881174 0.0751003759487662569949 1.4982702553512803334 -0.294944111924559104754 1656071276.89395999908
[ccnc] 0.435554226503595320885 0.257373360082961577522 0.249169033282266444429 0.0740816347778793099499 1.49845855822068618757 -0.295020500709816613227 1656071276.90387010574
[ccnc] 0.434569939760126311423 0.257733863024167064726 0.2489969277123174618 0.0729012839565669201747 1.4985127905404689308 -0.294953217400161504802 1656071276.91386008263
[ccnc] 0.43359143350826251373 0.258134208436329282144 0.248835136055438693736 0.0716497401650982995713 1.49854817404745532805 -0.294810545788305011783 1656071276.92399001122
[ccnc] 0.432628289364918594551 0.258585069687991220277 0.248620769762316590201 0.0702736420536760747479 1.49872451384961058451 -0.294565974533129881774 1656071276.93390011787
[ccnc] 0.431680773598919709233 0.259088620537637370767 0.248308346662684170658 0.0687507484308579885912 1.49915523637303271798 -0.294211033426452273076 1656071276.94385004044
[ccnc] 0.430734766740643759686 0.25967389634762916284 0.247979853925144017035 0.06703248871907904749 1.49962930323495435836 -0.293713175867148790221 1656071276.95405006409
[ccnc] 0.429781719379921489654 0.260328080823029606172 0.247741397262383672428 0.0651712122576324770495 1.4998797963614334261 -0.293108837063411897805 1656071276.96392011642
[ccnc] 0.428842978504954119856 0.261049400078048110529 0.247529824695338324103 0.0631737392724506657826 1.50007045290812479621 -0.292378407312990862277 1656071276.97390007973
[ccnc] 0.427916530325566979442 0.261832284560694350528 0.247364008855552652832 0.0610555032656874968611 1.50015332148695423875 -0.291533575289063373592 1656071276.98386001587
[ccnc] 0.427096455209748759874 0.262653058499011771154 0.246519648579144212697 0.0588225874386769584379 1.5019645397011713861 -0.29045653199823318058 1656071276.99383997917
[ccnc] 0.426369044068774294409 0.263481879394093287949 0.24501472414299585445 0.0565368947950925515578 1.50545688625941664895 -0.289207875667531089103 1656071277.00223994255
[ccnc] 0.425624686451823108779 0.264347112681126261702 0.243483342565834592897 0.0541671220130151981342 1.50901397350690369414 -0.28789047156864794319 1656071277.01056003571
[ccnc] 0.424863101242630658572 0.265212726520746733261 0.241937511425590945358 0.0517955176826144642055 1.5126084600411970893 -0.286566722468669932145 1656071277.01892995834
[ccnc] 0.424111174290709602719 0.266090746960248591968 0.24041810583122386058 0.0494092305644222157257 1.51614471488159896495 -0.285208783501512019853 1656071277.02716994286
[ccnc] 0.423360641465128639815 0.266963132101830591392 0.238916770875564177246 0.0470445983522572511171 1.51964241134490563034 -0.283850548040061212429 1656071277.03556990623
[ccnc] 0.422585648620372900108 0.267826766114071079805 0.237392174658716925695 0.0447082991328574957945 1.52319837238086863707 -0.282500834078676710259 1656071277.0441300869
[ccnc] 0.421782010123046890993 0.268705531685759169136 0.235831004960676715587 0.0423712697729841242245 1.52684318767150473128 -0.281112341625505413045 1656071277.05226993561
[ccnc] 0.420944846828847585307 0.269578249359897936799 0.234232745776076889399 0.0400923468938836832787 1.53057915610821493324 -0.27972061730304420557 1656071277.06052994728
[ccnc] 0.420095301149292998932 0.270450922937108151345 0.232630037344495221863 0.0378691330655096664026 1.53432980748410674465 -0.278310409311369688634 1656071277.06888008118
[ccnc] 0.419243565717464461429 0.271278410512245105046 0.231051845778076136995 0.0357941661755392798172 1.53802896061497595959 -0.276963626758547132312 1656071277.07723999023
[ccnc] 0.418365896366647671556 0.272070191402887961996 0.229457734996929951787 0.0337672628071546479522 1.54177364004500794259 -0.275682840956147423572 1656071277.08556008339
[ccnc] 0.417453746607199860374 0.272823709892564991719 0.2278354291260406006 0.0317228969483497255655 1.5455948514387261028 -0.274488169442404006393 1656071277.09382009506
[ccnc] 0.41651901013503322968 0.273566449558289015442 0.226199213391700681974 0.02961780233947176183 1.54944918066876446971 -0.273325046868440946213 1656071277.10218000412
[ccnc] 0.415573312984594434027 0.274321511391880878961 0.224558075782383043117 0.0274877294480982588276 1.55332151209282520732 -0.272132266350763762919 1656071277.11055994034
[ccnc] 0.414629696110830225919 0.275088904735512618238 0.222931958508853778067 0.0253391422983124080248 1.55716417771388826452 -0.270907203452988909476 1656071277.11881995201
[ccnc] 0.413666152497698169643 0.27583238713077651294 0.221297099277731224021 0.0232413268307888332131 1.56103613146262132361 -0.269719940005534231098 1656071277.127409935
[ccnc] 0.412706323826181442627 0.276566259797717484137 0.219699494992130789361 0.0211681337534632765807 1.56478438568912459061 -0.268542619110960500972 1656071277.13549995422
[ccnc] 0.41173942469866647853 0.277303952708543854921 0.218127802980087326379 0.0190815579915054912841 1.5684102115286027157 -0.26735373940010564997 1656071277.14388990402
[ccnc] 0.410796131787980578487 0.278050416545119638556 0.216656618838440312436 0.0169728846515478370982 1.57164107843164901901 -0.266143491442652091461 1656071277.15220999718
[ccnc] 0.409862412728655756133 0.278780138772195540398 0.215261566282156813212 0.0148948821973207187058 1.57456208623336291197 -0.264959858384182012081 1656071277.16055989265
[ccnc] 0.408920514913712562777 0.279447442605364693158 0.213963466968835669402 0.0129375957197150649736 1.5770174659015854246 -0.263893151956702043393 1656071277.16882991791
[ccnc] 0.407956400179633749126 0.280060190139098108553 0.212750262248546623267 0.0110729141092101440735 1.57900318462704869482 -0.262932792531582248952 1656071277.17745995522
[ccnc] 0.406956613636517361421 0.280609267845576049183 0.211621027603295264186 0.00928105132301359180003 1.58047334181176246659 -0.262105131516822686955 1656071277.18558001518
[ccnc] 0.405939915755559932453 0.28116202686135810529 0.210572402119168639034 0.00744431284188248974104 1.58147309930759139007 -0.261276762682261243231 1656071277.19392991066
[ccnc] 0.404924743433576816987 0.281691028285848354962 0.209633607393813231612 0.00561857037963592841068 1.58194161393107735059 -0.260498183614461309432 1656071277.20220994949
[ccnc] 0.403909340489554291587 0.2822098392829274216 0.208734038665920773603 0.00382565541934681710781 1.58224059043076570319 -0.259730888767626233449 1656071277.21096992493
[ccnc] 0.402880073187627751885 0.282684513833760642232 0.207783460224408328409 0.00214781601925594480343 1.58282549417755769028 -0.259033805774221914664 1656071277.21889996529
[ccnc] 0.401350358652559080497 0.283408245241617284815 0.206336687365091558943 -0.000373182288084420799371 1.58392976155479359157 -0.257944911880626737144 1656071277.2272400856
[ccnc] 0.400372476789356057658 0.28389557274811849652 0.205453472558808303283 -0.00204161291230620578138 1.58443357687756214425 -0.257196145549196786284 1656071277.23967003822
[ccnc] 0.399401481433900917839 0.284322657401683054346 0.204564122111580870556 -0.00355994361176202199146 1.58507209981899688245 -0.256550454754949364133 1656071277.24804997444
[ccnc] 0.398444085381159551762 0.28474961348390892546 0.203698066891853241112 -0.00506488507376267813043 1.58566850457169405963 -0.255896237145918303835 1656071277.2563700676
[ccnc] 0.397497293400720930201 0.285215159901250236985 0.202820467591362019188 -0.00663046630422567048746 1.58637070681602931899 -0.255156108481941923394 1656071277.26477003098
[ccnc] 0.396554351564790574791 0.285734198945676809434 0.201899690785470375953 -0.00828301169974496147297 1.58731283594274996673 -0.254298952866422456331 1656071277.27303004265
[ccnc] 0.39558315161407281435 0.286042970083691727723 0.20098630172742568134 -0.00949003384832842848684 1.58828110014334544786 -0.253845860489611829802 1656071277.28138995171
[ccnc] 0.39470255724421715593 0.286833970000941129719 0.200099624967911865481 -0.0116351472965299414242 1.58914854343020683913 -0.252429969770158635356 1656071277.28973007202
[ccnc] 0.393788157984798548039 0.287358992120222977995 0.19918211564558860327 -0.0132072996640984052091 1.59026452886392388741 -0.25152357487686494153 1656071277.29804992676
[ccnc] 0.39291679272048229965 0.287890687244733989303 0.198293501996527982145 -0.0147567578578029195285 1.59140988590797860525 -0.250589580610896478507 1656071277.30636000633
[ccnc] 0.392049225322246230885 0.288483054018627949056 0.197313217377169336508 -0.0164041870284501421773 1.59305178510217193555 -0.249520830056541381703 1656071277.31470990181
[ccnc] 0.391211506580102841291 0.289136097484524734469 0.196292506580016734574 -0.0181575696824702662036 1.5950115618323810196 -0.248318464716586834173 1656071277.32305002213
[ccnc] 0.390397031552003614951 0.289811516321110795857 0.195222185711168505495 -0.0199123506511904094229 1.59734016310776438807 -0.247054615117148601566 1656071277.33137989044
[ccnc] 0.389611707828336206738 0.290467297825037773507 0.194139953541263399206 -0.0215756437580318476133 1.59988194128905081293 -0.245813638365069420111 1656071277.3396999836
[ccnc] 0.388847278052166733797 0.291081473083502184629 0.19305272168154849477 -0.0231120103864581663555 1.60258147310230136817 -0.244642528642163098462 1656071277.34800004959
[ccnc] 0.388098255283450377373 0.291676204080452305956 0.191992796180358749059 -0.0245442356649060722251 1.60522631036178897723 -0.243497053347087905051 1656071277.35640001297
[ccnc] 0.387369005098869734205 0.292282365894453888266 0.190962399771300889162 -0.0259341707801625520613 1.60779893958914676944 -0.242315884442432460943 1656071277.36472010612
[ccnc] 0.386661302430079789616 0.292947787597315156827 0.189955014573156000246 -0.0273242612678535994053 1.61031059733373727028 -0.240995994442488120635 1656071277.37311005592
[ccnc] 0.385977300066365880404 0.293614891297180546914 0.188983253873803491718 -0.0286105217813013325279 1.61273542371496625414 -0.239654837664501962902 1656071277.38142991066
[ccnc] 0.385298074521473965515 0.294263002971220322124 0.188026636580923806052 -0.0297990745292944607392 1.61512814467298193577 -0.238341020759976623955 1656071277.38972997665
[ccnc] 0.384631482835352367378 0.294841425290599035147 0.187103066116091176774 -0.0308519717701229295725 1.61744793928099706015 -0.237165508767805843782 1656071277.39804005623
[ccnc] 0.383987579853577565281 0.295373201615345581938 0.186220349017303776762 -0.031732101442301548222 1.61967257624397897864 -0.236071502408562283737 1656071277.40643000603
[ccnc] 0.383361061517318857383 0.295819794577288519566 0.1853775516572485349 -0.0324316656957447102538 1.62180814466562761567 -0.235146593469272940924 1656071277.41471004486
[ccnc] 0.382746934792439486017 0.296217287762041758814 0.184561957587951797066 -0.0329988367728060380535 1.62388320464133117937 -0.234315352555724276673 1656071277.42304992676
[ccnc] 0.382137231203359406528 0.296563261201800154598 0.183763799291084384269 -0.0334723741951566469699 1.62592269557966973004 -0.233588699213906209051 1656071277.43141007423
[ccnc] -0.0674261709017224541984 0.33698908072343469744 -0.228271811024010340407 0.0740853997604739439309 -2.92654239604631127847 0.0210550142898457380569 1656071277.43974995613
[ccnc] -0.0688882258431504218565 0.337194088748597797789 -0.228137397276805042878 0.0746510945701662348428 -2.9245244922336346427 0.0205627543776173773993 1656071277.53808999062
[ccnc] -0.0703260393408146333716 0.33735264846439988462 -0.228002045475398040786 0.075436631974833440184 -2.9225424341675934059 0.0201671908023519745601 1656071277.54644989967
[ccnc] -0.0717385343188519375435 0.337476589669616133804 -0.227865490582557755905 0.0761943020769854373331 -2.92058232843210907603 0.0198417550880068509211 1656071277.55472993851
[ccnc] -0.0731299450813521351167 0.337594939973788588095 -0.227728193124960065497 0.0768827348691120543434 -2.91865248178479097518 0.0195269712552507482273 1656071277.56311988831
[ccnc] -0.074497419987049173784 0.337727415528364660613 -0.227591168431291707153 0.0775722164158017535307 -2.91676730270751249918 0.0191838211007370335048 1656071277.57151007652
[ccnc] -0.0758411603816113999432 0.337829288612620626253 -0.227453965377778122292 0.0780554637208889928734 -2.91493029426314143038 0.0189005282203944420527 1656071277.57974004745
[ccnc] -0.077153994981337459258 0.337896370106620491658 -0.227317439115471725541 0.0785352669691401494845 -2.91314529794434839971 0.0186879384086177831314 1656071277.58811998367
[ccnc] -0.0784483143682820349696 0.33790460384852794018 -0.227179430311331476133 0.0791433941470711388444 -2.911367204820474619 0.0185951671579039322368 1656071277.59635996819
[ccnc] -0.0797480645718379177467 0.337900423782291847719 -0.227037634794889975343 0.0796587437693228594959 -2.90956031298532691309 0.0185261893773755494108 1656071277.6047399044
[ccnc] -0.0809638141707997027741 0.337883670622728948807 -0.226902709757324849704 0.080443601460923733204 -2.90786015960889265841 0.0184880476031947273141 1656071277.61307001114
[ccnc] -0.0821623944174952880459 0.337862884507676541901 -0.226767965972470508795 0.0814302657850196759393 -2.90618838802749968053 0.0184581216455691858591 1656071277.62144994736
[ccnc] -0.0833256684736914249312 0.33783652032266248133 -0.226635204417142271938 0.0826856383445621345718 -2.90455622417446912564 0.0184408024111724910821 1656071277.62981009483
[ccnc] -0.0844704338429864420856 0.337806281205683289759 -0.226502309460758499693 0.0841190268296026777417 -2.90293159016567781094 0.0184312200780384176368 1656071277.63813996315
[ccnc] -0.0855606953277375237299 0.337775439144074707265 -0.226374710449227550813 0.0855979929686050550197 -2.90140269817374596428 0.018423338206976776904 1656071277.64639997482
[ccnc] -0.0866367003763395815419 0.337742285764973171336 -0.226247122578482673383 0.0871879616673121027315 -2.89988882622646171328 0.0184188211091731932068 1656071277.65477991104
[ccnc] -0.0876859275111421671012 0.337707161488651763648 -0.226121828895489929145 0.088890033590710668121 -2.89843004615079324893 0.0184167270889879913787 1656071277.66313004494
[ccnc] -0.0886860661505151498529 0.337667885602746908891 -0.226000951351213230645 0.0907931874337043476331 -2.89703094364862190346 0.0184236267109499432526 1656071277.67147994041
[ccnc] -0.089624681197525882248 0.337624396822225725234 -0.225885184455119347735 0.0928738012955849651098 -2.89567465832233361667 0.018441743385904346697 1656071277.68004989624
[ccnc] -0.0905379488769814388949 0.337578416924914914699 -0.225770968025374163535 0.0950648032114244784241 -2.89433628780273766168 0.0184641630013592239479 1656071277.68810009956
[ccnc] -0.091434244496239894251 0.337531234365196886049 -0.2256580566630164153 0.0973222060306150882347 -2.89302864040969076598 0.0184867356410627244057 1656071277.69644999504
[ccnc] -0.0922748475714127436298 0.337484529890370754668 -0.2255511235249278712 0.0995571788184027445245 -2.89179686162277871375 0.0185097643092853175739 1656071277.70478010178
[ccnc] -0.0934551098098516663804 0.337421685721392083934 -0.225405139189656322785 0.102727832271130650743 -2.89025395437315424374 0.0185231566979047433674 1656071277.71319007874
[ccnc] -0.0941358645695319906643 0.33738773859290110968 -0.225330741336445983247 0.104761488173528094503 -2.88970669551294356836 0.0185060408045235082197 1656071277.72558999062
[ccnc] -0.09480412491682178866 0.337355909243847340573 -0.225257997226786993439 0.106729052639676427749 -2.88920089705654348222 0.0184820849755323937669 1656071277.73389005661
[ccnc] -0.0954864426433769120095 0.337325539580932642902 -0.225179276569889313953 0.108534195689897250414 -2.88856578937278696273 0.0184578980474692094793 1656071277.74233007431
[ccnc] -0.0961660563504096455034 0.337300469758608667536 -0.225104084164737427987 0.110210841424652733478 -2.88806508040943210602 0.0184155470911360301389 1656071277.7505800724
[ccnc] -0.0968027051063337085068 0.337281819807307758907 -0.225040182310867586946 0.111786535059401656578 -2.88783406538407305675 0.0183519175740434921373 1656071277.75894999504
[ccnc] -0.0973641446272732469236 0.337268712713945317816 -0.22499665872506285913 0.113471070037829815935 -2.88806985043570074723 0.0182613816126544793728 1656071277.76729989052
[ccnc] -0.0978531754225775846079 0.337269834621003017361 -0.22497447307290713292 0.115245296308597727775 -2.8888157096776190258 0.0181232223705713839379 1656071277.77556991577
[ccnc] -0.0982366539105539449128 0.337277378503381297659 -0.224981663043524959811 0.116960458645485515516 -2.89026076378638840936 0.0179491521709951792896 1656071277.78398990631
[ccnc] -0.098529829011326203192 0.337307449608584497547 -0.225016333892091802138 0.11855166224408535125 -2.8924106442617878443 0.0177044511679983751495 1656071277.79224991798
[ccnc] -0.0987337554673182460352 0.337345538153990431862 -0.2250777547693132985 0.120086675028631170714 -2.89528288039773107343 0.0174152448482036738275 1656071277.80081009865
[ccnc] -0.0988103641189792825106 0.337400294299213199256 -0.225174689482175227617 0.121710983457242488681 -2.89910782773235364829 0.0170543936667600752599 1656071277.80928993225
[ccnc] -0.0988484146657204881814 0.33746719463221513946 -0.225284882370364952786 0.123339816868423213236 -2.90345547270038961685 0.016639657555215344592 1656071277.81733989716
[ccnc] -0.0990136272836193154223 0.337537853921279884517 -0.225371083333372856927 0.124783419213280288851 -2.90756484045195229271 0.0162059102508794322661 1656071277.82557010651
[ccnc] -0.0992960138720732354845 0.337616899293225691814 -0.225440379486223668737 0.126052946084431016782 -2.9116908370819554186 0.0157317197508333554701 1656071277.8339600563
[ccnc] -0.0997751013621510363105 0.337698008639757296656 -0.225474527298818727683 0.127107054675439562486 -2.91542691311930735054 0.0152412321154844869475 1656071277.84226989746
[ccnc] -0.100479119134000663416 0.337782888010645432342 -0.225468474254466116902 0.127692872238021504216 -2.91868848608661002331 0.0147402685908780018559 1656071277.85066008568
[ccnc] -0.101451366505983561761 0.337864597509609454473 -0.225411924528071627716 0.127909646883378441684 -2.92120481324087988284 0.0142511942606340820394 1656071277.85890007019
[ccnc] -0.102656912830718580198 0.337938992896770873386 -0.225309823422553345829 0.128028639106204655818 -2.92301196187162792839 0.0137795032329668838689 1656071277.86719989777
[ccnc] -0.104079427154067150063 0.338001661541240894238 -0.225161395919465934234 0.128110477498865699131 -2.9239691365261268885 0.013343669032153114215 1656071277.87560009956
[ccnc] -0.105660141039971622323 0.338057739251326483387 -0.224979413660066185354 0.128169417597887191906 -2.92439795042789940638 0.0129246431994578647034 1656071277.8843998909
[ccnc] -0.107341674244767815161 0.338111642323780159369 -0.22477548204614178351 0.128217808543537453714 -2.924583642096168834 0.0125065886896890722524 1656071277.89232993126
[ccnc] -0.109095683049766689621 0.338175299438173371236 -0.224557215502553864095 0.12826736550051345831 -2.92479470254904194704 0.012054301062626815097 1656071277.90060997009
[ccnc] -0.110879905559489830291 0.338253649386167920543 -0.224333911341881131474 0.128330232757152773448 -2.92531828348046207822 0.0115477943398220924548 1656071277.90897011757
[ccnc] -0.112636099704142442213 0.338324702138563748743 -0.224112685742198503025 0.128407364340044433115 -2.92618739589897325359 0.0110393812087877709466 1656071277.91730999947
[ccnc] -0.114376183380923396316 0.338405283297750936189 -0.223893323565944379894 0.128549301520630682161 -2.92753310441111702644 0.0104824389042558873547 1656071277.92566990852
[ccnc] -0.116098508574195430354 0.338485861126374631969 -0.223669125580308519874 0.128735313799238082488 -2.92891127391102035205 0.00992311494150099025757 1656071277.93390011787
[ccnc] -0.117012044247676402775 0.338524239767715395821 -0.223544684789622999377 0.128866870429798052733 -2.92945095818473699723 0.0096440441260361650655 1656071277.9380800724
[ccnc] -0.119893755030584969745 0.33863434153083010747 -0.22313405728054566679 0.129515354784411840239 -2.93069999843793427274 0.00879484306641119609194 1656071277.95060992241
[ccnc] -0.120941851555344412339 0.338676103412541451565 -0.22297786800402069618 0.129881467285995783056 -2.93093813116880852476 0.0084852906086653051565 1656071277.9548099041
[ccnc] -0.123143938546839484816 0.338743912980746297858 -0.222639115870953530063 0.130534781835109331416 -2.9311425928711511979 0.00789685114754861555708 1656071277.96316003799
[ccnc] -0.125418184009296385106 0.338810047005901837647 -0.222277236298099339917 0.131200047403313341254 -2.93114109494103747267 0.00730589662482665751914 1656071277.97143006325
[ccnc] -0.129030088111619090085 0.338913567173314111969 -0.221676086130417948628 0.132182459419692865943 -2.93036524963407174482 0.00641406891993461392848 1656071277.98393988609
[ccnc] -0.130295081120085948223 0.338940474402465385939 -0.221458139099630302304 0.132401102936110903752 -2.92985736690930664849 0.00614250287734269956319 1656071277.98804998398
[ccnc] -0.132968625793252748224 0.338983540148366346845 -0.220984585257300247818 0.133149152084773458871 -2.92820219758215571915 0.00560655073636153952754 1656071277.99651002884
[ccnc] -0.135767682941880601932 0.339013783177308625216 -0.220472237667301451669 0.134089581677027558371 -2.92581114918214524323 0.00509798153172201767153 1656071278.00472998619
[ccnc] -0.138636001180838297486 0.339035749974580524757 -0.219932550299369866664 0.135369369026517027965 -2.92298410828101529191 0.0045855659380427873234 1656071278.01311993599
[ccnc] -0.141520978018449428149 0.339064611712698971147 -0.219375750752228149132 0.136967387133542423117 -2.9198414575712035024 0.00404070204739852105458 1656071278.02144002914
[ccnc] -0.144442422110545920511 0.339100231759581927093 -0.218799141573042754683 0.13848823089735182168 -2.91660234027434528414 0.00348010348088885566181 1656071278.0298500061
[ccnc] -0.147383829099849678057 0.339140949117453571748 -0.218205380793530134831 0.140065292408102809452 -2.91323749653065577903 0.0029002371249139827572 1656071278.03814005852
[ccnc] -0.150247127790128776059 0.339173431806895075979 -0.217615179572063610625 0.142112672045910160001 -2.90995409471154520276 0.00229319792640885920451 1656071278.04645991325
[ccnc] -0.152974688140101316991 0.339200340375401865334 -0.217042199146785547148 0.144411678379641000847 -2.90691150606443349247 0.00167299731475715053423 1656071278.05480003357
[ccnc] -0.155603872252795677467 0.339228746581625439926 -0.216479874865596944034 0.146913542559365839502 -2.90404879282807648622 0.00102554702809498111959 1656071278.06316995621
[ccnc] -0.158091849170107628941 0.339269212107017603675 -0.215939568200568920986 0.149759527329463432155 -2.9015677686983392114 0.000308641347772198424045 1656071278.07148003578
[ccnc] -0.160375227572734535553 0.339327813619772267195 -0.215437818406862380272 0.152895149364218635446 -2.89976558712958176756 -0.000494379853039987474453 1656071278.07978010178
[ccnc] -0.16213622745552044857 0.339462722359500090885 -0.215053892009571534505 0.156171847204919306273 -2.90043572283995754191 -0.00154918411126282349818 1656071278.09227991104
[ccnc] -0.165138216399410148183 0.33959522380703743849 -0.214375071049578258542 0.160791961855894588451 -2.89889777843119089695 -0.00288275957826295003983 1656071278.10063004494
[ccnc] -0.166758463827698294457 0.339730870995859302042 -0.214006382692573049464 0.163821148837016983268 -2.89974302005901041213 -0.00393787820844451914859 1656071278.10897994041
[ccnc] -0.168400594772283584977 0.339850280080722322307 -0.213625719345394815551 0.166762076297349931542 -2.90060188557422105049 -0.0049741542864482502645 1656071278.11726999283
[ccnc] -0.170033922178203122932 0.339941030749887962426 -0.213239992448411186388 0.169722188985478472656 -2.90132796790241265228 -0.00596021643054008704032 1656071278.12561988831
[ccnc] -0.17158305759021796888 0.340034275898430160545 -0.212868025994229104203 0.172483409629977296751 -2.90215644584278553708 -0.00693166315329403395079 1656071278.13432002068
[ccnc] -0.173123562256754265354 0.340126203328147413973 -0.212492177133339121831 0.175013306185342498722 -2.90286930576082724542 -0.00787481652364538722844 1656071278.14229989052
[ccnc] -0.174642850107554398198 0.340219008643579623463 -0.212115756529560106625 0.177516589299534899293 -2.9035526390660759688 -0.00882259713483675434009 1656071278.15062999725
[ccnc] -0.176143511079728254387 0.34031438996664353791 -0.211738267527718015959 0.180195168407292494184 -2.90423639009582368331 -0.00980812375420789597791 1656071278.15895009041
[ccnc] -0.17768544877728287279 0.340403937329643802023 -0.211345798610730772893 0.183010001633850949432 -2.90456406398287247939 -0.0107944367836126705468 1656071278.16727995872
[ccnc] -0.179261879045443911496 0.340487249509175582407 -0.21094036325498177753 0.185894523250256099578 -2.90454906861310258037 -0.0117708940145931015286 1656071278.17563009262
[ccnc] -0.180914907631393784282 0.340553750242097108547 -0.21051277815111996139 0.188521596762618481868 -2.90386712371638955332 -0.0126510250651351956186 1656071278.18391990662
[ccnc] -0.182657958426400396368 0.340601826065923929399 -0.210059803479739154453 0.190712506730259384602 -2.90251132549049950526 -0.0134053429349638049406 1656071278.19225001335
[ccnc] -0.184462911657303801904 0.340636682203239504751 -0.209587748007396712513 0.192610597704593877744 -2.90068418922599224885 -0.0140722391820204944385 1656071278.20063996315
[ccnc] -0.186310269091346930592 0.340660696933270557007 -0.209101085323190438725 0.194287949406852927803 -2.89848891655794949074 -0.0146689334933607189171 1656071278.20900011063
[ccnc] -0.188195699781349479185 0.340675625552391225792 -0.208600500520580989239 0.19590226784242689706 -2.89596722516268600955 -0.0152233500597059936976 1656071278.21767997742
[ccnc] -0.190094455210811918988 0.340682520513217790281 -0.208092130505408728913 0.19739147857269048747 -2.89320388841712317074 -0.0157286689730877123072 1656071278.22603011131
[ccnc] -0.191943164136973737355 0.340688072227674942916 -0.207592013458194002418 0.198726287530218675981 -2.89049620141959184849 -0.0162037160346906634889 1656071278.23393988609
[ccnc] -0.193709341877886548344 0.340693051766096210997 -0.207109362783304440381 0.199911228681206726288 -2.88791309540067553385 -0.0166472897857848772807 1656071278.24215006828
[ccnc] -0.195393136526365973626 0.340704308388355636694 -0.206644853971975628326 0.20090072230451719304 -2.88545842488794601621 -0.0170656509433909954476 1656071278.25063991547
[ccnc] -0.197005396051768505439 0.340714983574874785699 -0.206195955682548198729 0.201630891911148690809 -2.88313230679005449986 -0.0174373687847650948868 1656071278.25893998146
[ccnc] -0.198569490393980974119 0.340719548286206763699 -0.205756612763611845818 0.202608196834122317176 -2.88085565293902101658 -0.0178284246270940596735 1656071278.26726007462
[ccnc] -0.200092195739710820845 0.340724525610397954711 -0.205325294565288363202 0.20369745099083441664 -2.87862850551536864074 -0.0182333178114626043298 1656071278.27566003799
[ccnc] -0.201596669384556004267 0.340730327475350591726 -0.204895712835061943879 0.205115543710139541789 -2.87639162864355180105 -0.01868843621503698052 1656071278.28397011757
[ccnc] -0.203073394561014586301 0.340736945405107571894 -0.204470674322315831839 0.206753335495896584106 -2.87417709229258111492 -0.019177772330431448744 1656071278.29219007492
[ccnc] -0.20451956377505592366 0.340744057070500594442 -0.204051113168002035136 0.208413667834608906659 -2.87201373768370604722 -0.0196716820870733027915 1656071278.30068993568
[ccnc] -0.205911033380002411741 0.34075109291864186245 -0.203644370886185671621 0.210054622417774644605 -2.86992754247993619998 -0.0201575530992342544234 1656071278.30890011787
[ccnc] -0.207258443755976684564 0.340757409362712537781 -0.203247581682486383459 0.211391017301870876022 -2.86793503969112029139 -0.0205922438826362658171 1656071278.31730008125
[ccnc] -0.208563509635411314935 0.340762727801740605837 -0.202860696455463174193 0.212684736079501141015 -2.86598147122474866677 -0.021011940731178381514 1656071278.32559990883
[ccnc] -0.209820834705879338822 0.340768045454374890468 -0.202485464550873517364 0.213981227529583734048 -2.86409426547663237272 -0.0214270505074789160971 1656071278.33393001556
[ccnc] -0.211044026763459680041 0.34077409843338146711 -0.202118067647519106256 0.215475998100670751434 -2.86224002527214294034 -0.0218721146948818272182 1656071278.3422100544
[ccnc] -0.21224366416052381501 0.340780254919080538567 -0.201755419652390910468 0.216884091811935048044 -2.86043545939205934303 -0.022303762994954901 1656071278.35066008568
[ccnc] -0.213442636538747121389 0.340786089173089001836 -0.20139072656196665978 0.218202896880925534262 -2.85863677851839437238 -0.0227229579197025591264 1656071278.35892009735
[ccnc] -0.214642180312443753287 0.340799405577706104875 -0.201023548215211456114 0.219409338290467909038 -2.85686748373874044304 -0.0231439992005133821085 1656071278.36728000641
[ccnc] -0.214642180312443753287 0.340799405577706104875 -0.201023548215211456114 0.219409338290467909038 -2.85686748373874044304 -0.0231439992005133821085 1656071278.36728000641
[ccnc] -0.214642180312443753287 0.340799405577706104875 -0.201023548215211456114 0.219409338290467909038 -2.85686748373874044304 -0.0231439992005133821085 1656071278.36728000641
[ccnc] -0.214642180312443753287 0.340799405577706104875 -0.201023548215211456114 0.219409338290467909038 -2.85686748373874044304 -0.0231439992005133821085 1656071278.36728000641
[ccnc] -0.214642180312443753287 0.340799405577706104875 -0.201023548215211456114 0.219409338290467909038 -2.85686748373874044304 -0.0231439992005133821085 1656071278.36728000641
[ccnc] -0.214642180312443753287 0.340799405577706104875 -0.201023548215211456114 0.219409338290467909038 -2.85686748373874044304 -0.0231439992005133821085 1656071278.36728000641
[ccnc] -0.214642180312443753287 0.340799405577706104875 -0.201023548215211456114 0.219409338290467909038 -2.85686748373874044304 -0.0231439992005133821085 1656071278.36728000641
[ccnc] -0.214642180312443753287 0.340799405577706104875 -0.201023548215211456114 0.219409338290467909038 -2.85686748373874044304 -0.0231439992005133821085 1656071278.36728000641
[ccnc] -0.214642180312443753287 0.340799405577706104875 -0.201023548215211456114 0.219409338290467909038 -2.85686748373874044304 -0.0231439992005133821085 1656071278.36728000641
[ccnc] -0.214642180312443753287 0.340799405577706104875 -0.201023548215211456114 0.219409338290467909038 -2.85686748373874044304 -0.0231439992005133821085 1656071278.36728000641
[ccnc] -0.214642180312443753287 0.340799405577706104875 -0.201023548215211456114 0.219409338290467909038 -2.85686748373874044304 -0.0231439992005133821085 1656071278.36728000641
[ccnc] -0.214642180312443753287 0.340799405577706104875 -0.201023548215211456114 0.219409338290467909038 -2.85686748373874044304 -0.0231439992005133821085 1656071278.36728000641
[ccnc] -0.214642180312443753287 0.340799405577706104875 -0.201023548215211456114 0.219409338290467909038 -2.85686748373874044304 -0.0231439992005133821085 1656071278.36728000641
[ccnc] -0.214642180312443753287 0.340799405577706104875 -0.201023548215211456114 0.219409338290467909038 -2.85686748373874044304 -0.0231439992005133821085 1656071278.36728000641
[ccnc] -0.214642180312443753287 0.340799405577706104875 -0.201023548215211456114 0.219409338290467909038 -2.85686748373874044304 -0.0231439992005133821085 1656071278.36728000641
[ccnc] -0.214642180312443753287 0.340799405577706104875 -0.201023548215211456114 0.219409338290467909038 -2.85686748373874044304 -0.0231439992005133821085 1656071278.36728000641
[ccnc] -0.214642180312443753287 0.340799405577706104875 -0.201023548215211456114 0.219409338290467909038 -2.85686748373874044304 -0.0231439992005133821085 1656071278.36728000641
[ccnc] -0.214642180312443753287 0.340799405577706104875 -0.201023548215211456114 0.219409338290467909038 -2.85686748373874044304 -0.0231439992005133821085 1656071278.36728000641
[ccnc] -0.214642180312443753287 0.340799405577706104875 -0.201023548215211456114 0.219409338290467909038 -2.85686748373874044304 -0.0231439992005133821085 1656071278.36728000641
[ccnc] -0.214642180312443753287 0.340799405577706104875 -0.201023548215211456114 0.219409338290467909038 -2.85686748373874044304 -0.0231439992005133821085 1656071278.36728000641
[ccnc] -0.214642180312443753287 0.340799405577706104875 -0.201023548215211456114 0.219409338290467909038 -2.85686748373874044304 -0.0231439992005133821085 1656071278.36728000641
[ccnc] -0.214642180312443753287 0.340799405577706104875 -0.201023548215211456114 0.219409338290467909038 -2.85686748373874044304 -0.0231439992005133821085 1656071278.36728000641
[ccnc] -0.214642180312443753287 0.340799405577706104875 -0.201023548215211456114 0.219409338290467909038 -2.85686748373874044304 -0.0231439992005133821085 1656071278.36728000641
[ccnc] -0.214642180312443753287 0.340799405577706104875 -0.201023548215211456114 0.219409338290467909038 -2.85686748373874044304 -0.0231439992005133821085 1656071278.36728000641
[ccnc] -0.214642180312443753287 0.340799405577706104875 -0.201023548215211456114 0.219409338290467909038 -2.85686748373874044304 -0.0231439992005133821085 1656071278.36728000641
[ccnc] -0.214642180312443753287 0.340799405577706104875 -0.201023548215211456114 0.219409338290467909038 -2.85686748373874044304 -0.0231439992005133821085 1656071278.36728000641
[ccnc] -0.214642180312443753287 0.340799405577706104875 -0.201023548215211456114 0.219409338290467909038 -2.85686748373874044304 -0.0231439992005133821085 1656071278.36728000641
[ccnc] -0.214642180312443753287 0.340799405577706104875 -0.201023548215211456114 0.219409338290467909038 -2.85686748373874044304 -0.0231439992005133821085 1656071278.36728000641
[ccnc] -0.214642180312443753287 0.340799405577706104875 -0.201023548215211456114 0.219409338290467909038 -2.85686748373874044304 -0.0231439992005133821085 1656071278.36728000641
[ccnc] -0.214642180312443753287 0.340799405577706104875 -0.201023548215211456114 0.219409338290467909038 -2.85686748373874044304 -0.0231439992005133821085 1656071278.36728000641
[ccnc] -0.214642180312443753287 0.340799405577706104875 -0.201023548215211456114 0.219409338290467909038 -2.85686748373874044304 -0.0231439992005133821085 1656071278.36728000641
[ccnc] -0.214642180312443753287 0.340799405577706104875 -0.201023548215211456114 0.219409338290467909038 -2.85686748373874044304 -0.0231439992005133821085 1656071278.36728000641
[ccnc] -0.214642180312443753287 0.340799405577706104875 -0.201023548215211456114 0.219409338290467909038 -2.85686748373874044304 -0.0231439992005133821085 1656071278.36728000641
[ccnc] -0.214642180312443753287 0.340799405577706104875 -0.201023548215211456114 0.219409338290467909038 -2.85686748373874044304 -0.0231439992005133821085 1656071278.36728000641
[ccnc] -0.214642180312443753287 0.340799405577706104875 -0.201023548215211456114 0.219409338290467909038 -2.85686748373874044304 -0.0231439992005133821085 1656071278.36728000641
[ccnc] -0.214642180312443753287 0.340799405577706104875 -0.201023548215211456114 0.219409338290467909038 -2.85686748373874044304 -0.0231439992005133821085 1656071278.36728000641
[ccnc] -0.214642180312443753287 0.340799405577706104875 -0.201023548215211456114 0.219409338290467909038 -2.85686748373874044304 -0.0231439992005133821085 1656071278.36728000641
[ccnc] -0.214642180312443753287 0.340799405577706104875 -0.201023548215211456114 0.219409338290467909038 -2.85686748373874044304 -0.0231439992005133821085 1656071278.36728000641
[ccnc] -0.214642180312443753287 0.340799405577706104875 -0.201023548215211456114 0.219409338290467909038 -2.85686748373874044304 -0.0231439992005133821085 1656071278.36728000641
[ccnc] -0.214642180312443753287 0.340799405577706104875 -0.201023548215211456114 0.219409338290467909038 -2.85686748373874044304 -0.0231439992005133821085 1656071278.36728000641
[ccnc] -0.214642180312443753287 0.340799405577706104875 -0.201023548215211456114 0.219409338290467909038 -2.85686748373874044304 -0.0231439992005133821085 1656071278.36728000641
[ccnc] -0.214642180312443753287 0.340799405577706104875 -0.201023548215211456114 0.219409338290467909038 -2.85686748373874044304 -0.0231439992005133821085 1656071278.36728000641
[ccnc] -0.214642180312443753287 0.340799405577706104875 -0.201023548215211456114 0.219409338290467909038 -2.85686748373874044304 -0.0231439992005133821085 1656071278.36728000641
[ccnc] -0.214642180312443753287 0.340799405577706104875 -0.201023548215211456114 0.219409338290467909038 -2.85686748373874044304 -0.0231439992005133821085 1656071278.36728000641
[ccnc] -0.214642180312443753287 0.340799405577706104875 -0.201023548215211456114 0.219409338290467909038 -2.85686748373874044304 -0.0231439992005133821085 1656071278.36728000641
[ccnc] -0.214642180312443753287 0.340799405577706104875 -0.201023548215211456114 0.219409338290467909038 -2.85686748373874044304 -0.0231439992005133821085 1656071278.36728000641
[ccnc] -0.214642180312443753287 0.340799405577706104875 -0.201023548215211456114 0.219409338290467909038 -2.85686748373874044304 -0.0231439992005133821085 1656071278.36728000641
[ccnc] -0.214642180312443753287 0.340799405577706104875 -0.201023548215211456114 0.219409338290467909038 -2.85686748373874044304 -0.0231439992005133821085 1656071278.36728000641
[ccnc] -0.214642180312443753287 0.340799405577706104875 -0.201023548215211456114 0.219409338290467909038 -2.85686748373874044304 -0.0231439992005133821085 1656071278.36728000641
[ccnc] -0.214642180312443753287 0.340799405577706104875 -0.201023548215211456114 0.219409338290467909038 -2.85686748373874044304 -0.0231439992005133821085 1656071278.36728000641
Interrupting...
[[01;34mINFO[00m] |[01;34myarp.os.impl.PortCoreInputUnit[00m|[33m/tmp/port/1[00m| Removing input from /teo/bcc/state:o to /tmp/port/1
